[debug] [2023-01-08T18:58:02.453Z] ----------------------------------------------------------------------
[debug] [2023-01-08T18:58:02.457Z] Command:       C:\Program Files\nodejs\node.exe C:\Users\OVI\AppData\Roaming\npm\node_modules\firebase-tools\lib\bin\firebase.js init
[debug] [2023-01-08T18:58:02.459Z] CLI Version:   11.20.0
[debug] [2023-01-08T18:58:02.460Z] Platform:      win32
[debug] [2023-01-08T18:58:02.460Z] Node Version:  v16.17.0
[debug] [2023-01-08T18:58:02.462Z] Time:          Mon Jan 09 2023 00:58:02 GMT+0600 (Bangladesh Standard Time)
[debug] [2023-01-08T18:58:02.462Z] ----------------------------------------------------------------------
[debug] 
[debug] [2023-01-08T18:58:02.699Z] > command requires scopes: ["email","openid","https://www.googleapis.com/auth/cloudplatformprojects.readonly","https://www.googleapis.com/auth/firebase","https://www.googleapis.com/auth/cloud-platform"]
[debug] [2023-01-08T18:58:02.700Z] > authorizing via signed-in user (ovi778811@gmail.com)
[info] 
     ######## #### ########  ######## ########     ###     ######  ########
     ##        ##  ##     ## ##       ##     ##  ##   ##  ##       ##
     ######    ##  ########  ######   ########  #########  ######  ######
     ##        ##  ##    ##  ##       ##     ## ##     ##       ## ##
     ##       #### ##     ## ######## ########  ##     ##  ######  ########

You're about to initialize a Firebase project in this directory:

  D:\web-development\assignments\assignment-10\booksaw-client

Before we get started, keep in mind:

  * You are initializing within an existing Firebase project directory

[info] 
=== Project Setup
[info] 
[info] First, let's associate this project directory with a Firebase project.
[info] You can create multiple project aliases by running firebase use --add, 
[info] but for now we'll just set up a default project.
[info] 
[debug] [2023-01-08T18:58:42.487Z] Using project from CLI flag: simple-firebase-authenti-fb5ac
[debug] [2023-01-08T18:58:42.494Z] >>> [apiv2][query] GET https://firebase.googleapis.com/v1beta1/projects/simple-firebase-authenti-fb5ac [none]
[debug] [2023-01-08T18:58:43.482Z] <<< [apiv2][status] GET https://firebase.googleapis.com/v1beta1/projects/simple-firebase-authenti-fb5ac 200
[debug] [2023-01-08T18:58:43.483Z] <<< [apiv2][body] GET https://firebase.googleapis.com/v1beta1/projects/simple-firebase-authenti-fb5ac {"projectId":"simple-firebase-authenti-fb5ac","projectNumber":"1087174001020","displayName":"simple-firebase-authentication","name":"projects/simple-firebase-authenti-fb5ac","resources":{"hostingSite":"simple-firebase-authenti-fb5ac"},"state":"ACTIVE","etag":"1_f7495309-7b0f-4277-bd5a-4185ffe297c5"}
[info] i  Using project simple-firebase-authenti-fb5ac (simple-firebase-authentication) 
[info] 
=== Database Setup
[info] i  database: ensuring required API firebasedatabase.googleapis.com is enabled... 
[debug] [2023-01-08T18:58:43.497Z] >>> [apiv2][query] GET https://serviceusage.googleapis.com/v1/projects/simple-firebase-authenti-fb5ac/services/firebasedatabase.googleapis.com [none]
[debug] [2023-01-08T18:58:43.497Z] >>> [apiv2][(partial)header] GET https://serviceusage.googleapis.com/v1/projects/simple-firebase-authenti-fb5ac/services/firebasedatabase.googleapis.com x-goog-quota-user=projects/simple-firebase-authenti-fb5ac
[debug] [2023-01-08T18:58:45.540Z] <<< [apiv2][status] GET https://serviceusage.googleapis.com/v1/projects/simple-firebase-authenti-fb5ac/services/firebasedatabase.googleapis.com 200
[debug] [2023-01-08T18:58:45.541Z] <<< [apiv2][body] GET https://serviceusage.googleapis.com/v1/projects/simple-firebase-authenti-fb5ac/services/firebasedatabase.googleapis.com [omitted]
[warn] !  database: missing required API firebasedatabase.googleapis.com. Enabling now... 
[debug] [2023-01-08T18:58:45.543Z] >>> [apiv2][query] POST https://serviceusage.googleapis.com/v1/projects/simple-firebase-authenti-fb5ac/services/firebasedatabase.googleapis.com:enable [none]
[debug] [2023-01-08T18:58:45.543Z] >>> [apiv2][(partial)header] POST https://serviceusage.googleapis.com/v1/projects/simple-firebase-authenti-fb5ac/services/firebasedatabase.googleapis.com:enable x-goog-quota-user=projects/simple-firebase-authenti-fb5ac
[debug] [2023-01-08T18:58:47.725Z] <<< [apiv2][status] POST https://serviceusage.googleapis.com/v1/projects/simple-firebase-authenti-fb5ac/services/firebasedatabase.googleapis.com:enable 200
[debug] [2023-01-08T18:58:47.726Z] <<< [apiv2][body] POST https://serviceusage.googleapis.com/v1/projects/simple-firebase-authenti-fb5ac/services/firebasedatabase.googleapis.com:enable [omitted]
[debug] [2023-01-08T18:58:57.737Z] >>> [apiv2][query] GET https://serviceusage.googleapis.com/v1/projects/simple-firebase-authenti-fb5ac/services/firebasedatabase.googleapis.com [none]
[debug] [2023-01-08T18:58:57.737Z] >>> [apiv2][(partial)header] GET https://serviceusage.googleapis.com/v1/projects/simple-firebase-authenti-fb5ac/services/firebasedatabase.googleapis.com x-goog-quota-user=projects/simple-firebase-authenti-fb5ac
[debug] [2023-01-08T18:58:59.571Z] <<< [apiv2][status] GET https://serviceusage.googleapis.com/v1/projects/simple-firebase-authenti-fb5ac/services/firebasedatabase.googleapis.com 200
[debug] [2023-01-08T18:58:59.571Z] <<< [apiv2][body] GET https://serviceusage.googleapis.com/v1/projects/simple-firebase-authenti-fb5ac/services/firebasedatabase.googleapis.com [omitted]
[info] +  database: required API firebasedatabase.googleapis.com is enabled 
[info] 
[debug] [2023-01-08T18:58:59.578Z] >>> [apiv2][query] GET https://firebase.googleapis.com/v1beta1/projects/simple-firebase-authenti-fb5ac [none]
[debug] [2023-01-08T18:59:03.251Z] <<< [apiv2][status] GET https://firebase.googleapis.com/v1beta1/projects/simple-firebase-authenti-fb5ac 200
[debug] [2023-01-08T18:59:03.251Z] <<< [apiv2][body] GET https://firebase.googleapis.com/v1beta1/projects/simple-firebase-authenti-fb5ac {"projectId":"simple-firebase-authenti-fb5ac","projectNumber":"1087174001020","displayName":"simple-firebase-authentication","name":"projects/simple-firebase-authenti-fb5ac","resources":{"hostingSite":"simple-firebase-authenti-fb5ac"},"state":"ACTIVE","etag":"1_f7495309-7b0f-4277-bd5a-4185ffe297c5"}
[info] 
[info] Firebase Realtime Database Security Rules allow you to define how your data should be
[info] structured and when your data can be read from and written to.
[info] 
